2025-09-17 21:37:04,849 - core.settings - INFO - Sistema de logging configurado
2025-09-17 21:37:04,849 - __main__ - INFO - Iniciando Homologador de Aplicaciones v1.0.0
2025-09-17 21:37:05,952 - __main__ - INFO - Base de datos inicializada en: C:\Users\Antware\OneDrive\homologador.db
2025-09-17 21:37:06,065 - core.storage - INFO - Backup creado: C:\Users\Antware\OneDrive\backups/homologador_backup_20250917_213706_auto.db
2025-09-17 21:37:06,072 - core.storage - INFO - Backup creado: C:\Users\Antware\OneDrive\backups/homologador_backup_20250917_213706_auto.db
2025-09-17 21:37:06,078 - data.seed - INFO - Seed data creado exitosamente. Usuario admin ID: 1
2025-09-17 21:37:06,079 - core.storage - INFO - Backup creado: C:\Users\Antware\OneDrive\backups/homologador_backup_20250917_213706_auto.db
2025-09-17 21:37:06,884 - __main__ - INFO - Ventana de login mostrada
2025-09-17 21:43:44,896 - core.settings - INFO - Sistema de logging configurado
2025-09-17 21:43:44,896 - __main__ - INFO - Iniciando Homologador de Aplicaciones v1.0.0
2025-09-17 21:43:46,013 - __main__ - INFO - Base de datos inicializada en: C:\Users\Antware\OneDrive\homologador.db
2025-09-17 21:43:46,019 - data.seed - INFO - Usuario admin ya existe, omitiendo seed
2025-09-17 21:43:46,021 - core.storage - INFO - Backup creado: C:\Users\Antware\OneDrive\backups/homologador_backup_20250917_214346_auto.db
2025-09-17 21:43:46,482 - __main__ - INFO - Ventana de login mostrada
2025-09-17 21:43:49,271 - core.storage - INFO - Backup creado: C:\Users\Antware\OneDrive\backups/homologador_backup_20250917_214349_auto.db
2025-09-17 21:43:49,279 - core.storage - INFO - Backup creado: C:\Users\Antware\OneDrive\backups/homologador_backup_20250917_214349_auto.db
2025-09-17 21:43:49,286 - data.seed - INFO - Login exitoso para usuario: admin
2025-09-17 21:43:49,286 - ui.login_window - INFO - Login exitoso para: admin
2025-09-17 21:44:13,779 - core.storage - INFO - Backup creado: C:\Users\Antware\OneDrive\backups/homologador_backup_20250917_214413_auto.db
2025-09-17 21:44:13,786 - core.storage - INFO - Backup creado: C:\Users\Antware\OneDrive\backups/homologador_backup_20250917_214413_auto.db
2025-09-17 21:44:13,794 - data.seed - INFO - Contraseña cambiada para usuario ID: 1
2025-09-17 21:44:14,935 - __main__ - INFO - Login exitoso para usuario: admin
2025-09-17 21:44:15,306 - __main__ - INFO - Ventana principal mostrada
2025-09-17 21:46:03,937 - core.storage - INFO - Backup creado: C:\Users\Antware\OneDrive\backups/homologador_backup_20250917_214603_auto.db
2025-09-17 21:46:03,943 - data.seed - INFO - Logout para usuario: admin
2025-09-17 21:46:03,961 - core.storage - INFO - Backup creado: C:\Users\Antware\OneDrive\backups/homologador_backup_20250917_214603_auto.db
2025-09-17 21:46:03,974 - __main__ - INFO - Aplicación cerrada
2025-09-17 21:46:03,975 - __main__ - INFO - Limpieza de recursos completada
2025-09-17 21:49:46,561 - core.settings - INFO - Sistema de logging configurado
2025-09-17 21:49:46,562 - __main__ - INFO - Iniciando Homologador de Aplicaciones v1.0.0
2025-09-17 21:49:47,651 - __main__ - INFO - Base de datos inicializada en: C:\Users\Antware\OneDrive\homologador.db
2025-09-17 21:49:47,656 - data.seed - INFO - Usuario admin ya existe, omitiendo seed
2025-09-17 21:49:47,658 - core.storage - INFO - Backup creado: C:\Users\Antware\OneDrive\backups/homologador_backup_20250917_214947_auto.db
2025-09-17 21:49:48,106 - __main__ - INFO - Ventana de login mostrada
2025-09-17 21:49:58,316 - data.seed - WARNING - Intento de login con usuario inexistente: adminadmin
2025-09-17 21:49:58,319 - core.storage - INFO - Backup creado: C:\Users\Antware\OneDrive\backups/homologador_backup_20250917_214958_auto.db
2025-09-17 21:49:58,332 - ui.login_window - WARNING - Login fallido: Usuario o contraseña incorrectos
2025-09-17 21:50:13,482 - data.seed - WARNING - Intento de login con usuario inexistente: adminadmadmini
2025-09-17 21:50:13,485 - core.storage - INFO - Backup creado: C:\Users\Antware\OneDrive\backups/homologador_backup_20250917_215013_auto.db
2025-09-17 21:50:13,499 - ui.login_window - WARNING - Login fallido: Usuario o contraseña incorrectos
2025-09-17 21:50:26,465 - data.seed - WARNING - Intento de login con usuario inexistente: adminaddddm admini
2025-09-17 21:50:26,468 - core.storage - INFO - Backup creado: C:\Users\Antware\OneDrive\backups/homologador_backup_20250917_215026_auto.db
2025-09-17 21:50:26,481 - ui.login_window - WARNING - Login fallido: Usuario o contraseña incorrectos
2025-09-17 21:50:32,710 - core.storage - INFO - Backup creado: C:\Users\Antware\OneDrive\backups/homologador_backup_20250917_215032_auto.db
2025-09-17 21:50:32,731 - __main__ - INFO - Aplicación cerrada
2025-09-17 21:50:32,731 - __main__ - INFO - Limpieza de recursos completada
2025-09-17 21:51:53,091 - core.settings - INFO - Sistema de logging configurado
2025-09-17 21:51:53,092 - __main__ - INFO - Iniciando Homologador de Aplicaciones v1.0.0
2025-09-17 21:51:54,449 - __main__ - INFO - Base de datos inicializada en: C:\Users\Antware\OneDrive\homologador.db
2025-09-17 21:51:54,454 - data.seed - INFO - Usuario admin ya existe, omitiendo seed
2025-09-17 21:51:54,456 - core.storage - INFO - Backup creado: C:\Users\Antware\OneDrive\backups/homologador_backup_20250917_215154_auto.db
2025-09-17 21:51:54,555 - __main__ - INFO - Ventana de login mostrada
2025-09-17 21:52:07,357 - core.storage - INFO - Backup creado: C:\Users\Antware\OneDrive\backups/homologador_backup_20250917_215207_auto.db
2025-09-17 21:52:07,367 - core.storage - INFO - Backup creado: C:\Users\Antware\OneDrive\backups/homologador_backup_20250917_215207_auto.db
2025-09-17 21:52:07,375 - data.seed - INFO - Login exitoso para usuario: admin
2025-09-17 21:52:07,376 - ui.login_window - INFO - Login exitoso para: admin
2025-09-17 21:52:07,377 - __main__ - INFO - Login exitoso para usuario: admin
2025-09-17 21:52:07,437 - __main__ - INFO - Ventana principal mostrada
2025-09-17 21:53:49,434 - core.storage - INFO - Backup creado: C:\Users\Antware\OneDrive\backups/homologador_backup_20250917_215349_auto.db
2025-09-17 21:53:49,451 - data.seed - INFO - Logout para usuario: admin
2025-09-17 21:53:49,476 - core.storage - INFO - Backup creado: C:\Users\Antware\OneDrive\backups/homologador_backup_20250917_215349_auto.db
2025-09-17 21:53:49,496 - __main__ - INFO - Aplicación cerrada
2025-09-17 21:53:49,497 - __main__ - INFO - Limpieza de recursos completada
2025-09-22 12:52:29,772 - core.settings - INFO - Sistema de logging configurado
2025-09-22 12:52:29,773 - __main__ - INFO - Iniciando Homologador de Aplicaciones v1.0.0
2025-09-22 12:52:31,362 - __main__ - INFO - Base de datos inicializada en: C:\Users\Antware\OneDrive\homologador.db
2025-09-22 12:52:31,366 - data.seed - INFO - Usuario admin ya existe, omitiendo seed
2025-09-22 12:52:31,368 - core.storage - INFO - Backup creado: C:\Users\Antware\OneDrive\backups/homologador_backup_20250922_125231_auto.db
2025-09-22 12:52:35,656 - __main__ - INFO - Ventana de login mostrada
2025-09-22 12:52:40,894 - core.storage - INFO - Backup creado: C:\Users\Antware\OneDrive\backups/homologador_backup_20250922_125240_auto.db
2025-09-22 12:52:40,914 - core.storage - INFO - Backup creado: C:\Users\Antware\OneDrive\backups/homologador_backup_20250922_125240_auto.db
2025-09-22 12:52:40,932 - data.seed - INFO - Login exitoso para usuario: admin
2025-09-22 12:52:40,933 - ui.final_login - INFO - Login exitoso para: admin
2025-09-22 12:52:40,933 - __main__ - INFO - Login exitoso para usuario: admin
2025-09-22 12:52:43,432 - __main__ - INFO - Ventana principal mostrada
2025-09-22 12:52:53,571 - ui.metrics_panel - ERROR - Error calculando métricas: 'sqlite3.Row' object has no attribute 'get'
2025-09-22 12:52:56,517 - ui.metrics_panel - ERROR - Error calculando métricas: 'sqlite3.Row' object has no attribute 'get'
2025-09-22 12:52:58,172 - ui.metrics_panel - ERROR - Error calculando métricas: 'sqlite3.Row' object has no attribute 'get'
2025-09-22 12:53:23,250 - ui.metrics_panel - ERROR - Error calculando métricas: 'sqlite3.Row' object has no attribute 'get'
2025-09-22 12:53:26,724 - ui.metrics_panel - ERROR - Error calculando métricas: 'sqlite3.Row' object has no attribute 'get'
2025-09-22 12:53:28,221 - ui.metrics_panel - ERROR - Error calculando métricas: 'sqlite3.Row' object has no attribute 'get'
2025-09-22 12:56:29,519 - core.storage - INFO - Backup creado: C:\Users\Antware\OneDrive\backups/homologador_backup_20250922_125629_auto.db
2025-09-22 12:56:29,564 - __main__ - INFO - Aplicación cerrada
2025-09-22 12:56:29,566 - core.storage - INFO - Backup creado: C:\Users\Antware\OneDrive\backups/homologador_backup_20250922_125629_auto.db
2025-09-22 12:56:29,594 - data.seed - INFO - Logout para usuario: admin
2025-09-22 12:56:29,595 - __main__ - INFO - Limpieza de recursos completada
2025-09-22 13:06:06,782 - core.settings - INFO - Sistema de logging configurado
2025-09-22 13:06:06,783 - __main__ - INFO - Iniciando Homologador de Aplicaciones v1.0.0
2025-09-22 13:06:07,867 - __main__ - INFO - Base de datos inicializada en: C:\Users\Antware\OneDrive\homologador.db
2025-09-22 13:06:07,871 - data.seed - INFO - Usuario admin ya existe, omitiendo seed
2025-09-22 13:06:07,872 - core.storage - INFO - Backup creado: C:\Users\Antware\OneDrive\backups/homologador_backup_20250922_130607_auto.db
2025-09-22 13:06:13,242 - __main__ - INFO - Ventana de login mostrada
2025-09-22 13:06:26,922 - core.storage - INFO - Backup creado: C:\Users\Antware\OneDrive\backups/homologador_backup_20250922_130626_auto.db
2025-09-22 13:06:26,944 - core.storage - INFO - Backup creado: C:\Users\Antware\OneDrive\backups/homologador_backup_20250922_130626_auto.db
2025-09-22 13:06:26,965 - data.seed - INFO - Login exitoso para usuario: admin
2025-09-22 13:06:26,966 - ui.final_login - INFO - Login exitoso para: admin
2025-09-22 13:06:26,966 - __main__ - INFO - Login exitoso para usuario: admin
2025-09-22 13:06:27,848 - ui.main_window - ERROR - Error configurando búsqueda avanzada: 'QLineEdit' object has no attribute 'document'
2025-09-22 13:06:27,884 - __main__ - INFO - Ventana principal mostrada
2025-09-22 13:06:43,937 - ui.metrics_panel - ERROR - Error calculando métricas: 'sqlite3.Row' object has no attribute 'get'
2025-09-22 13:07:34,354 - core.storage - INFO - Backup creado: C:\Users\Antware\OneDrive\backups/homologador_backup_20250922_130734_auto.db
2025-09-22 13:08:19,089 - ui.metrics_panel - ERROR - Error calculando métricas: 'sqlite3.Row' object has no attribute 'get'
2025-09-22 13:08:20,784 - ui.metrics_panel - ERROR - Error calculando métricas: 'sqlite3.Row' object has no attribute 'get'
2025-09-22 13:10:00,433 - core.storage - INFO - Backup creado: C:\Users\Antware\OneDrive\backups/homologador_backup_20250922_131000_auto.db
2025-09-22 13:10:00,473 - __main__ - INFO - Aplicación cerrada
2025-09-22 13:10:00,475 - core.storage - INFO - Backup creado: C:\Users\Antware\OneDrive\backups/homologador_backup_20250922_131000_auto.db
2025-09-22 13:10:00,494 - data.seed - INFO - Logout para usuario: admin
2025-09-22 13:10:00,495 - __main__ - INFO - Limpieza de recursos completada
2025-09-22 13:12:38,349 - core.settings - INFO - Sistema de logging configurado
2025-09-22 13:12:38,350 - __main__ - INFO - Iniciando Homologador de Aplicaciones v1.0.0
2025-09-22 13:12:39,439 - __main__ - INFO - Base de datos inicializada en: C:\Users\Antware\OneDrive\homologador.db
2025-09-22 13:12:39,446 - data.seed - INFO - Usuario admin ya existe, omitiendo seed
2025-09-22 13:12:39,450 - core.storage - INFO - Backup creado: C:\Users\Antware\OneDrive\backups/homologador_backup_20250922_131239_auto.db
2025-09-22 13:12:46,167 - __main__ - INFO - Ventana de login mostrada
2025-09-22 13:12:50,290 - core.storage - INFO - Backup creado: C:\Users\Antware\OneDrive\backups/homologador_backup_20250922_131250_auto.db
2025-09-22 13:12:50,313 - core.storage - INFO - Backup creado: C:\Users\Antware\OneDrive\backups/homologador_backup_20250922_131250_auto.db
2025-09-22 13:12:50,331 - data.seed - INFO - Login exitoso para usuario: admin
2025-09-22 13:12:50,331 - ui.final_login - INFO - Login exitoso para: admin
2025-09-22 13:12:50,332 - __main__ - INFO - Login exitoso para usuario: admin
2025-09-22 13:12:51,248 - ui.main_window - ERROR - Error configurando búsqueda avanzada: 'QLineEdit' object has no attribute 'document'
2025-09-22 13:12:51,277 - __main__ - INFO - Ventana principal mostrada
2025-09-22 13:15:11,123 - core.settings - INFO - Sistema de logging configurado
2025-09-22 13:15:11,124 - __main__ - INFO - Iniciando Homologador de Aplicaciones v1.0.0
2025-09-22 13:15:12,197 - __main__ - INFO - Base de datos inicializada en: C:\Users\Antware\OneDrive\homologador.db
2025-09-22 13:15:12,202 - data.seed - INFO - Usuario admin ya existe, omitiendo seed
2025-09-22 13:15:12,204 - core.storage - INFO - Backup creado: C:\Users\Antware\OneDrive\backups/homologador_backup_20250922_131512_auto.db
2025-09-22 13:15:15,658 - __main__ - INFO - Ventana de login mostrada
2025-09-22 13:15:18,333 - core.storage - INFO - Backup creado: C:\Users\Antware\OneDrive\backups/homologador_backup_20250922_131518_auto.db
2025-09-22 13:15:18,352 - core.storage - INFO - Backup creado: C:\Users\Antware\OneDrive\backups/homologador_backup_20250922_131518_auto.db
2025-09-22 13:15:18,369 - data.seed - INFO - Login exitoso para usuario: admin
2025-09-22 13:15:18,370 - ui.final_login - INFO - Login exitoso para: admin
2025-09-22 13:15:18,370 - __main__ - INFO - Login exitoso para usuario: admin
2025-09-22 13:15:19,182 - ui.main_window - ERROR - Error configurando búsqueda avanzada: 'QLineEdit' object has no attribute 'document'
2025-09-22 13:15:19,205 - __main__ - INFO - Ventana principal mostrada
2025-09-22 13:16:58,040 - core.storage - INFO - Backup creado: C:\Users\Antware\OneDrive\backups/homologador_backup_20250922_131658_auto.db
2025-09-22 13:16:58,083 - __main__ - INFO - Aplicación cerrada
2025-09-22 13:16:58,087 - core.storage - INFO - Backup creado: C:\Users\Antware\OneDrive\backups/homologador_backup_20250922_131658_auto.db
2025-09-22 13:16:58,117 - data.seed - INFO - Logout para usuario: admin
2025-09-22 13:16:58,120 - __main__ - INFO - Limpieza de recursos completada
2025-09-22 13:16:59,377 - core.storage - INFO - Backup creado: C:\Users\Antware\OneDrive\backups/homologador_backup_20250922_131659_auto.db
2025-09-22 13:16:59,449 - __main__ - INFO - Aplicación cerrada
2025-09-22 13:16:59,453 - core.storage - INFO - Backup creado: C:\Users\Antware\OneDrive\backups/homologador_backup_20250922_131659_auto.db
2025-09-22 13:16:59,475 - data.seed - INFO - Logout para usuario: admin
2025-09-22 13:16:59,476 - __main__ - INFO - Limpieza de recursos completada
2025-09-22 13:21:21,199 - core.settings - INFO - Sistema de logging configurado
2025-09-22 13:21:21,200 - app - INFO - Iniciando Homologador de Aplicaciones v1.0.0
2025-09-22 13:21:22,286 - app - INFO - Base de datos inicializada en: C:\Users\Antware\OneDrive\homologador.db
2025-09-22 13:21:22,290 - data.seed - INFO - Usuario admin ya existe, omitiendo seed
2025-09-22 13:21:22,291 - core.storage - INFO - Backup creado: C:\Users\Antware\OneDrive\backups/homologador_backup_20250922_132122_auto.db
2025-09-22 13:21:25,609 - app - INFO - Ventana de login mostrada
2025-09-22 13:21:28,581 - core.storage - INFO - Backup creado: C:\Users\Antware\OneDrive\backups/homologador_backup_20250922_132128_auto.db
2025-09-22 13:21:28,602 - core.storage - INFO - Backup creado: C:\Users\Antware\OneDrive\backups/homologador_backup_20250922_132128_auto.db
2025-09-22 13:21:28,625 - data.seed - INFO - Login exitoso para usuario: admin
2025-09-22 13:21:28,626 - ui.final_login - INFO - Login exitoso para: admin
2025-09-22 13:21:28,626 - app - INFO - Login exitoso para usuario: admin
2025-09-22 13:21:29,421 - ui.main_window - INFO - Búsqueda avanzada configurada correctamente
2025-09-22 13:21:29,447 - app - INFO - Ventana principal mostrada
2025-09-22 13:21:47,229 - core.storage - INFO - Backup creado: C:\Users\Antware\OneDrive\backups/homologador_backup_20250922_132147_auto.db
2025-09-22 13:21:47,275 - app - INFO - Aplicación cerrada
2025-09-22 13:21:47,280 - core.storage - INFO - Backup creado: C:\Users\Antware\OneDrive\backups/homologador_backup_20250922_132147_auto.db
2025-09-22 13:21:47,314 - data.seed - INFO - Logout para usuario: admin
2025-09-22 13:21:47,317 - app - INFO - Limpieza de recursos completada
2025-09-22 13:25:05,426 - core.settings - INFO - Sistema de logging configurado
2025-09-22 13:25:05,426 - app - INFO - Iniciando Homologador de Aplicaciones v1.0.0
2025-09-22 13:25:06,507 - app - INFO - Base de datos inicializada en: C:\Users\Antware\OneDrive\homologador.db
2025-09-22 13:25:06,512 - data.seed - INFO - Usuario admin ya existe, omitiendo seed
2025-09-22 13:25:06,516 - core.storage - INFO - Backup creado: C:\Users\Antware\OneDrive\backups/homologador_backup_20250922_132506_auto.db
2025-09-22 13:25:14,790 - app - INFO - Ventana de login mostrada
2025-09-22 13:25:19,340 - core.storage - INFO - Backup creado: C:\Users\Antware\OneDrive\backups/homologador_backup_20250922_132519_auto.db
2025-09-22 13:25:19,363 - core.storage - INFO - Backup creado: C:\Users\Antware\OneDrive\backups/homologador_backup_20250922_132519_auto.db
2025-09-22 13:25:19,380 - data.seed - INFO - Login exitoso para usuario: admin
2025-09-22 13:25:19,381 - ui.final_login - INFO - Login exitoso para: admin
2025-09-22 13:25:19,381 - app - INFO - Login exitoso para usuario: admin
2025-09-22 13:25:20,127 - ui.main_window - INFO - Búsqueda avanzada configurada correctamente
2025-09-22 13:25:20,147 - app - INFO - Ventana principal mostrada
2025-09-22 13:25:29,525 - core.storage - INFO - Backup creado: C:\Users\Antware\OneDrive\backups/homologador_backup_20250922_132529_auto.db
2025-09-22 13:25:29,573 - app - INFO - Aplicación cerrada
2025-09-22 13:25:29,575 - core.storage - INFO - Backup creado: C:\Users\Antware\OneDrive\backups/homologador_backup_20250922_132529_auto.db
2025-09-22 13:25:29,608 - data.seed - INFO - Logout para usuario: admin
2025-09-22 13:25:29,608 - app - INFO - Limpieza de recursos completada
2025-09-22 13:40:50,250 - core.settings - INFO - Sistema de logging configurado
2025-09-22 13:40:50,251 - app - INFO - Iniciando Homologador de Aplicaciones v1.0.0
2025-09-22 13:40:51,332 - app - INFO - Base de datos inicializada en: C:\Users\Antware\OneDrive\homologador.db
2025-09-22 13:40:51,338 - data.seed - INFO - Usuario admin ya existe, omitiendo seed
2025-09-22 13:40:51,340 - core.storage - INFO - Backup creado: C:\Users\Antware\OneDrive\backups/homologador_backup_20250922_134051_auto.db
2025-09-22 13:40:55,063 - app - INFO - Ventana de login mostrada
2025-09-22 13:40:59,080 - core.storage - INFO - Backup creado: C:\Users\Antware\OneDrive\backups/homologador_backup_20250922_134059_auto.db
2025-09-22 13:40:59,101 - core.storage - INFO - Backup creado: C:\Users\Antware\OneDrive\backups/homologador_backup_20250922_134059_auto.db
2025-09-22 13:40:59,121 - data.seed - INFO - Login exitoso para usuario: admin
2025-09-22 13:40:59,122 - ui.final_login - INFO - Login exitoso para: admin
2025-09-22 13:40:59,122 - app - INFO - Login exitoso para usuario: admin
2025-09-22 13:40:59,907 - ui.main_window - INFO - Búsqueda avanzada configurada correctamente
2025-09-22 13:40:59,937 - app - INFO - Ventana principal mostrada
2025-09-22 13:41:01,855 - core.storage - INFO - Backup creado: C:\Users\Antware\OneDrive\backups/homologador_backup_20250922_134101_auto.db
2025-09-22 13:41:01,898 - app - INFO - Aplicación cerrada
2025-09-22 13:41:01,900 - core.storage - INFO - Backup creado: C:\Users\Antware\OneDrive\backups/homologador_backup_20250922_134101_auto.db
2025-09-22 13:41:01,929 - data.seed - INFO - Logout para usuario: admin
2025-09-22 13:41:01,929 - app - INFO - Limpieza de recursos completada
2025-09-22 14:44:14,436 - core.settings - INFO - Sistema de logging configurado
2025-09-22 14:44:14,436 - __main__ - INFO - Iniciando Homologador de Aplicaciones v1.0.0
2025-09-22 14:44:15,570 - __main__ - INFO - Base de datos inicializada en: C:\Users\Antware\OneDrive\homologador.db
2025-09-22 14:44:15,577 - data.seed - INFO - Usuario admin ya existe, omitiendo seed
2025-09-22 14:44:18,769 - __main__ - INFO - Ventana de login mostrada
2025-09-22 14:44:22,006 - core.storage - INFO - Backup creado: C:\Users\Antware\OneDrive\backups/homologador_backup_20250922_144422_auto.db
2025-09-22 14:44:22,039 - core.storage - INFO - Backup creado: C:\Users\Antware\OneDrive\backups/homologador_backup_20250922_144422_auto.db
2025-09-22 14:44:22,062 - data.seed - INFO - Login exitoso para usuario: admin
2025-09-22 14:44:22,063 - ui.final_login - INFO - Login exitoso para: admin
2025-09-22 14:44:22,064 - __main__ - INFO - Login exitoso para usuario: admin
2025-09-22 14:44:23,233 - ui.main_window - INFO - Búsqueda avanzada configurada correctamente
2025-09-22 14:44:23,263 - __main__ - INFO - Ventana principal mostrada
2025-09-22 15:57:09,935 - __main__ - INFO - Aplicación cerrada
2025-09-22 15:57:09,944 - core.storage - INFO - Backup creado: C:\Users\Antware\OneDrive\backups/homologador_backup_20250922_155709_auto.db
2025-09-22 15:57:10,103 - data.seed - INFO - Logout para usuario: admin
2025-09-22 15:57:10,104 - __main__ - INFO - Limpieza de recursos completada
2025-09-23 08:57:03,356 - core.settings - INFO - Sistema de logging configurado
2025-09-23 08:57:03,357 - __main__ - INFO - Iniciando Homologador de Aplicaciones v1.0.0
2025-09-23 08:57:04,520 - __main__ - INFO - Base de datos inicializada en: C:\Users\Antware\OneDrive\homologador.db
2025-09-23 08:57:04,527 - data.seed - INFO - Usuario admin ya existe, omitiendo seed
2025-09-23 08:57:07,719 - __main__ - INFO - Ventana de login mostrada
2025-09-23 08:57:12,045 - core.storage - INFO - Backup creado: C:\Users\Antware\OneDrive\backups/homologador_backup_20250923_085712_auto.db
2025-09-23 08:57:12,060 - core.storage - INFO - Backup creado: C:\Users\Antware\OneDrive\backups/homologador_backup_20250923_085712_auto.db
2025-09-23 08:57:12,073 - data.seed - INFO - Login exitoso para usuario: admin
2025-09-23 08:57:12,075 - ui.final_login - INFO - Login exitoso para: admin
2025-09-23 08:57:12,075 - __main__ - INFO - Login exitoso para usuario: admin
2025-09-23 08:57:13,106 - ui.main_window - INFO - Búsqueda avanzada configurada correctamente
2025-09-23 08:57:13,148 - __main__ - INFO - Ventana principal mostrada
2025-09-23 08:57:51,768 - root - ERROR - Error al guardar borrador: 'NoneType' object has no attribute 'get'
2025-09-23 08:58:15,762 - core.storage - INFO - Backup creado: C:\Users\Antware\OneDrive\backups/homologador_backup_20250923_085815_auto.db
2025-09-23 08:58:21,760 - root - ERROR - Error al guardar borrador: 'NoneType' object has no attribute 'get'
2025-09-23 08:58:51,766 - root - ERROR - Error al guardar borrador: 'NoneType' object has no attribute 'get'
2025-09-23 08:59:21,763 - root - ERROR - Error al guardar borrador: 'NoneType' object has no attribute 'get'
2025-09-23 08:59:51,772 - root - ERROR - Error al guardar borrador: 'NoneType' object has no attribute 'get'
2025-09-23 09:00:21,774 - root - ERROR - Error al guardar borrador: 'NoneType' object has no attribute 'get'
2025-09-23 09:00:51,771 - root - ERROR - Error al guardar borrador: 'NoneType' object has no attribute 'get'
2025-09-23 09:01:21,772 - root - ERROR - Error al guardar borrador: 'NoneType' object has no attribute 'get'
2025-09-23 09:01:51,773 - root - ERROR - Error al guardar borrador: 'NoneType' object has no attribute 'get'
2025-09-23 09:02:21,766 - root - ERROR - Error al guardar borrador: 'NoneType' object has no attribute 'get'
2025-09-23 09:02:51,763 - root - ERROR - Error al guardar borrador: 'NoneType' object has no attribute 'get'
2025-09-23 09:03:10,223 - __main__ - INFO - Aplicación cerrada
2025-09-23 09:03:10,229 - core.storage - INFO - Backup creado: C:\Users\Antware\OneDrive\backups/homologador_backup_20250923_090310_auto.db
2025-09-23 09:03:10,260 - data.seed - INFO - Logout para usuario: admin
2025-09-23 09:03:10,260 - __main__ - INFO - Limpieza de recursos completada
2025-09-24 07:57:01,787 - core.settings - INFO - Sistema de logging configurado
2025-09-24 07:57:01,788 - __main__ - INFO - Iniciando Homologador de Aplicaciones v1.0.0
2025-09-24 07:57:02,896 - __main__ - INFO - Base de datos inicializada en: C:\Users\Antware\OneDrive\homologador.db
2025-09-24 07:57:02,902 - data.seed - INFO - Usuario admin ya existe, omitiendo seed
2025-09-24 07:57:03,049 - __main__ - INFO - Ventana de login mostrada
2025-09-24 07:57:11,987 - core.storage - INFO - Backup creado: C:\Users\Antware\OneDrive\backups/homologador_backup_20250924_075711_auto.db
2025-09-24 07:57:12,007 - core.storage - INFO - Backup creado: C:\Users\Antware\OneDrive\backups/homologador_backup_20250924_075712_auto.db
2025-09-24 07:57:12,031 - data.seed - INFO - Login exitoso para usuario: admin
2025-09-24 07:57:12,031 - ui.final_login - INFO - Login exitoso para: admin
2025-09-24 07:57:12,032 - __main__ - INFO - Login exitoso para usuario: admin
2025-09-24 07:57:12,744 - ui.main_window - INFO - Búsqueda avanzada configurada correctamente
2025-09-24 07:57:12,774 - __main__ - INFO - Ventana principal mostrada
2025-09-24 07:57:20,901 - __main__ - INFO - Aplicación cerrada
2025-09-24 07:57:20,905 - core.storage - INFO - Backup creado: C:\Users\Antware\OneDrive\backups/homologador_backup_20250924_075720_auto.db
2025-09-24 07:57:20,958 - data.seed - INFO - Logout para usuario: admin
2025-09-24 07:57:20,959 - __main__ - INFO - Limpieza de recursos completada
2025-09-24 08:13:18,449 - core.settings - INFO - Sistema de logging configurado
2025-09-24 08:13:18,452 - __main__ - INFO - Iniciando Homologador de Aplicaciones v1.0.0
2025-09-24 08:13:19,641 - __main__ - INFO - Base de datos inicializada en: C:\Users\Antware\OneDrive\homologador.db
2025-09-24 08:13:19,646 - data.seed - INFO - Usuario admin ya existe, omitiendo seed
2025-09-24 08:13:19,790 - __main__ - INFO - Ventana de login mostrada
2025-09-24 08:13:25,174 - core.storage - INFO - Backup creado: C:\Users\Antware\OneDrive\backups/homologador_backup_20250924_081325_auto.db
2025-09-24 08:13:25,195 - core.storage - INFO - Backup creado: C:\Users\Antware\OneDrive\backups/homologador_backup_20250924_081325_auto.db
2025-09-24 08:13:25,215 - data.seed - INFO - Login exitoso para usuario: admin
2025-09-24 08:13:25,216 - ui.final_login - INFO - Login exitoso para: admin
2025-09-24 08:13:25,216 - __main__ - INFO - Login exitoso para usuario: admin
2025-09-24 08:13:26,448 - ui.main_window - INFO - Búsqueda avanzada configurada correctamente
2025-09-24 08:13:26,496 - __main__ - INFO - Ventana principal mostrada
2025-09-24 08:13:34,809 - __main__ - INFO - Aplicación cerrada
2025-09-24 08:13:34,821 - core.storage - INFO - Backup creado: C:\Users\Antware\OneDrive\backups/homologador_backup_20250924_081334_auto.db
2025-09-24 08:13:34,852 - data.seed - INFO - Logout para usuario: admin
2025-09-24 08:13:34,854 - __main__ - INFO - Limpieza de recursos completada
2025-09-24 08:39:01,292 - core.settings - INFO - Sistema de logging configurado
2025-09-24 08:39:01,293 - __main__ - INFO - Iniciando Homologador de Aplicaciones v1.0.0
2025-09-24 08:39:02,410 - __main__ - INFO - Base de datos inicializada en: C:\Users\Antware\OneDrive\homologador.db
2025-09-24 08:39:02,415 - data.seed - INFO - Usuario admin ya existe, omitiendo seed
2025-09-24 08:39:02,543 - __main__ - INFO - Ventana de login mostrada
2025-09-24 08:39:07,883 - core.storage - INFO - Backup creado: C:\Users\Antware\OneDrive\backups/homologador_backup_20250924_083907_auto.db
2025-09-24 08:39:07,903 - core.storage - INFO - Backup creado: C:\Users\Antware\OneDrive\backups/homologador_backup_20250924_083907_auto.db
2025-09-24 08:39:07,926 - data.seed - INFO - Login exitoso para usuario: admin
2025-09-24 08:39:07,926 - ui.final_login - INFO - Login exitoso para: admin
2025-09-24 08:39:07,927 - __main__ - INFO - Login exitoso para usuario: admin
2025-09-24 08:39:09,094 - ui.main_window - INFO - Búsqueda avanzada configurada correctamente
2025-09-24 08:39:09,122 - __main__ - INFO - Ventana principal mostrada
2025-09-24 08:39:19,934 - ui.main_window - INFO - Abriendo dashboard administrativo para usuario: admin
2025-09-24 08:39:20,096 - ui.admin_dashboard - INFO - Dashboard administrativo iniciado por: admin
2025-09-24 08:39:32,863 - ui.user_management - INFO - Módulo de administración de usuarios iniciado por: admin
2025-09-24 08:39:38,198 - __main__ - INFO - Aplicación cerrada
2025-09-24 08:39:38,204 - core.storage - INFO - Backup creado: C:\Users\Antware\OneDrive\backups/homologador_backup_20250924_083938_auto.db
2025-09-24 08:39:38,244 - data.seed - INFO - Logout para usuario: admin
2025-09-24 08:39:38,245 - __main__ - INFO - Limpieza de recursos completada
2025-09-24 08:41:37,929 - core.settings - INFO - Sistema de logging configurado
2025-09-24 08:41:37,930 - __main__ - INFO - Iniciando Homologador de Aplicaciones v1.0.0
2025-09-24 08:41:39,055 - __main__ - INFO - Base de datos inicializada en: C:\Users\Antware\OneDrive\homologador.db
2025-09-24 08:41:39,061 - data.seed - INFO - Usuario admin ya existe, omitiendo seed
2025-09-24 08:41:39,186 - __main__ - INFO - Ventana de login mostrada
2025-09-24 08:41:43,709 - core.storage - INFO - Backup creado: C:\Users\Antware\OneDrive\backups/homologador_backup_20250924_084143_auto.db
2025-09-24 08:41:43,737 - core.storage - INFO - Backup creado: C:\Users\Antware\OneDrive\backups/homologador_backup_20250924_084143_auto.db
2025-09-24 08:41:43,757 - data.seed - INFO - Login exitoso para usuario: admin
2025-09-24 08:41:43,758 - ui.final_login - INFO - Login exitoso para: admin
2025-09-24 08:41:43,759 - __main__ - INFO - Login exitoso para usuario: admin
2025-09-24 08:41:44,862 - ui.main_window - INFO - Búsqueda avanzada configurada correctamente
2025-09-24 08:41:44,894 - __main__ - INFO - Ventana principal mostrada
2025-09-24 08:41:50,718 - core.storage - INFO - Backup creado: C:\Users\Antware\OneDrive\backups/homologador_backup_20250924_084150_auto.db
2025-09-24 08:41:58,722 - __main__ - INFO - Aplicación cerrada
2025-09-24 08:41:58,728 - core.storage - INFO - Backup creado: C:\Users\Antware\OneDrive\backups/homologador_backup_20250924_084158_auto.db
2025-09-24 08:41:58,800 - data.seed - INFO - Logout para usuario: admin
2025-09-24 08:41:58,801 - __main__ - INFO - Limpieza de recursos completada
2025-09-24 08:43:58,389 - core.settings - INFO - Sistema de logging configurado
2025-09-24 08:43:58,390 - __main__ - INFO - Iniciando Homologador de Aplicaciones v1.0.0
2025-09-24 08:43:59,512 - __main__ - INFO - Base de datos inicializada en: C:\Users\Antware\OneDrive\homologador.db
2025-09-24 08:43:59,524 - data.seed - INFO - Usuario admin ya existe, omitiendo seed
2025-09-24 08:43:59,661 - __main__ - INFO - Ventana de login mostrada
2025-09-24 08:44:04,977 - core.storage - INFO - Backup creado: C:\Users\Antware\OneDrive\backups/homologador_backup_20250924_084404_auto.db
2025-09-24 08:44:05,000 - core.storage - INFO - Backup creado: C:\Users\Antware\OneDrive\backups/homologador_backup_20250924_084404_auto.db
2025-09-24 08:44:05,024 - data.seed - INFO - Login exitoso para usuario: admin
2025-09-24 08:44:05,025 - ui.final_login - INFO - Login exitoso para: admin
2025-09-24 08:44:05,025 - __main__ - INFO - Login exitoso para usuario: admin
2025-09-24 08:44:05,981 - ui.main_window - INFO - Búsqueda avanzada configurada correctamente
2025-09-24 08:44:06,009 - __main__ - INFO - Ventana principal mostrada
2025-09-24 08:44:34,373 - ui.main_window - INFO - Abriendo dashboard administrativo para usuario: admin
2025-09-24 08:44:35,187 - ui.admin_dashboard - INFO - Dashboard administrativo iniciado por: admin
2025-09-24 08:45:06,536 - ui.user_management - INFO - Módulo de administración de usuarios iniciado por: admin
2025-09-24 08:48:35,506 - ui.user_management - INFO - Módulo de administración de usuarios iniciado por: admin
2025-09-24 08:48:53,756 - ui.main_window - INFO - Abriendo sistema de respaldos para usuario: admin
2025-09-24 08:48:53,794 - ui.backup_system - INFO - Sistema de respaldos iniciado por: admin
2025-09-24 08:49:24,074 - __main__ - INFO - Aplicación cerrada
2025-09-24 08:49:24,083 - core.storage - INFO - Backup creado: C:\Users\Antware\OneDrive\backups/homologador_backup_20250924_084924_auto.db
2025-09-24 08:49:24,147 - data.seed - INFO - Logout para usuario: admin
2025-09-24 08:49:24,148 - __main__ - INFO - Limpieza de recursos completada
2025-09-24 08:55:08,801 - core.settings - INFO - Sistema de logging configurado
2025-09-24 08:55:08,802 - __main__ - INFO - Iniciando Homologador de Aplicaciones v1.0.0
2025-09-24 08:55:09,908 - __main__ - INFO - Base de datos inicializada en: C:\Users\Antware\OneDrive\homologador.db
2025-09-24 08:55:09,914 - data.seed - INFO - Usuario admin ya existe, omitiendo seed
2025-09-24 08:55:10,031 - __main__ - INFO - Ventana de login mostrada
2025-09-24 08:55:13,611 - core.storage - INFO - Backup creado: C:\Users\Antware\OneDrive\backups/homologador_backup_20250924_085513_auto.db
2025-09-24 08:55:13,633 - core.storage - INFO - Backup creado: C:\Users\Antware\OneDrive\backups/homologador_backup_20250924_085513_auto.db
2025-09-24 08:55:13,658 - data.seed - INFO - Login exitoso para usuario: admin
2025-09-24 08:55:13,659 - ui.final_login - INFO - Login exitoso para: admin
2025-09-24 08:55:13,659 - __main__ - INFO - Login exitoso para usuario: admin
2025-09-24 08:55:14,637 - ui.main_window - INFO - Búsqueda avanzada configurada correctamente
2025-09-24 08:55:14,661 - __main__ - INFO - Ventana principal mostrada
2025-09-24 08:55:43,479 - __main__ - INFO - Aplicación cerrada
2025-09-24 08:55:43,497 - core.storage - INFO - Backup creado: C:\Users\Antware\OneDrive\backups/homologador_backup_20250924_085543_auto.db
2025-09-24 08:55:43,556 - data.seed - INFO - Logout para usuario: admin
2025-09-24 08:55:43,557 - __main__ - INFO - Limpieza de recursos completada
